[2018-09-19 11:49:21] local.ERROR: PDOException: SQLSTATE[42S22]: Column not found: 1054 Unknown column 'updated_at' in 'field list' in /var/www/vendor/illuminate/database/Connection.php:452
Stack trace:
#0 /var/www/vendor/illuminate/database/Connection.php(452): PDO->prepare('insert into `de...')
#1 /var/www/vendor/illuminate/database/Connection.php(657): Illuminate\Database\Connection->Illuminate\Database\{closure}('insert into `de...', Array)
#2 /var/www/vendor/illuminate/database/Connection.php(624): Illuminate\Database\Connection->runQueryCallback('insert into `de...', Array, Object(Closure))
#3 /var/www/vendor/illuminate/database/Connection.php(459): Illuminate\Database\Connection->run('insert into `de...', Array, Object(Closure))
#4 /var/www/vendor/illuminate/database/Connection.php(411): Illuminate\Database\Connection->statement('insert into `de...', Array)
#5 /var/www/vendor/illuminate/database/Query/Processors/Processor.php(32): Illuminate\Database\Connection->insert('insert into `de...', Array)
#6 /var/www/vendor/illuminate/database/Query/Builder.php(2494): Illuminate\Database\Query\Processors\Processor->processInsertGetId(Object(Illuminate\Database\Query\Builder), 'insert into `de...', Array, 'id')
#7 /var/www/vendor/illuminate/database/Eloquent/Builder.php(1283): Illuminate\Database\Query\Builder->insertGetId(Array, 'id')
#8 /var/www/vendor/illuminate/database/Eloquent/Model.php(787): Illuminate\Database\Eloquent\Builder->__call('insertGetId', Array)
#9 /var/www/vendor/illuminate/database/Eloquent/Model.php(752): Illuminate\Database\Eloquent\Model->insertAndSetId(Object(Illuminate\Database\Eloquent\Builder), Array)
#10 /var/www/vendor/illuminate/database/Eloquent/Model.php(615): Illuminate\Database\Eloquent\Model->performInsert(Object(Illuminate\Database\Eloquent\Builder))
#11 /var/www/vendor/illuminate/database/Eloquent/Model.php(644): Illuminate\Database\Eloquent\Model->save(Array)
#12 /var/www/vendor/illuminate/database/Concerns/ManagesTransactions.php(29): Illuminate\Database\Eloquent\Model->Illuminate\Database\Eloquent\{closure}(Object(Illuminate\Database\MySqlConnection))
#13 /var/www/vendor/illuminate/database/Eloquent/Model.php(645): Illuminate\Database\Connection->transaction(Object(Closure))
#14 /var/www/app/Http/Controllers/DependenciesController.php(58): Illuminate\Database\Eloquent\Model->saveOrFail()
#15 [internal function]: App\Http\Controllers\DependenciesController->create(Object(Illuminate\Http\Request))
#16 /var/www/vendor/illuminate/container/BoundMethod.php(29): call_user_func_array(Array, Array)
#17 /var/www/vendor/illuminate/container/BoundMethod.php(87): Illuminate\Container\BoundMethod::Illuminate\Container\{closure}()
#18 /var/www/vendor/illuminate/container/BoundMethod.php(31): Illuminate\Container\BoundMethod::callBoundMethod(Object(Laravel\Lumen\Application), Array, Object(Closure))
#19 /var/www/vendor/illuminate/container/Container.php(564): Illuminate\Container\BoundMethod::call(Object(Laravel\Lumen\Application), Array, Array, NULL)
#20 /var/www/vendor/laravel/lumen-framework/src/Concerns/RoutesRequests.php(373): Illuminate\Container\Container->call(Array, Array)
#21 /var/www/vendor/laravel/lumen-framework/src/Concerns/RoutesRequests.php(339): Laravel\Lumen\Application->callControllerCallable(Array, Array)
#22 /var/www/vendor/laravel/lumen-framework/src/Concerns/RoutesRequests.php(313): Laravel\Lumen\Application->callLumenController(Object(App\Http\Controllers\DependenciesController), 'create', Array)
#23 /var/www/vendor/laravel/lumen-framework/src/Concerns/RoutesRequests.php(275): Laravel\Lumen\Application->callControllerAction(Array)
#24 /var/www/vendor/laravel/lumen-framework/src/Concerns/RoutesRequests.php(255): Laravel\Lumen\Application->callActionOnArrayBasedRoute(Array)
#25 [internal function]: Laravel\Lumen\Application->Laravel\Lumen\Concerns\{closure}(Object(Illuminate\Http\Request))
#26 /var/www/vendor/laravel/lumen-framework/src/Routing/Pipeline.php(52): call_user_func(Object(Closure), Object(Illuminate\Http\Request))
#27 /var/www/app/Http/Middleware/JsonValidatorMiddleware.php(45): Laravel\Lumen\Routing\Pipeline->Laravel\Lumen\Routing\{closure}(Object(Illuminate\Http\Request))
#28 /var/www/vendor/illuminate/pipeline/Pipeline.php(151): App\Http\Middleware\JsonValidatorMiddleware->handle(Object(Illuminate\Http\Request), Object(Closure))
#29 [internal function]: Illuminate\Pipeline\Pipeline->Illuminate\Pipeline\{closure}(Object(Illuminate\Http\Request))
#30 /var/www/vendor/laravel/lumen-framework/src/Routing/Pipeline.php(32): call_user_func(Object(Closure), Object(Illuminate\Http\Request))
#31 /var/www/app/Http/Middleware/Authenticate.php(42): Laravel\Lumen\Routing\Pipeline->Laravel\Lumen\Routing\{closure}(Object(Illuminate\Http\Request))
#32 /var/www/vendor/illuminate/pipeline/Pipeline.php(151): App\Http\Middleware\Authenticate->handle(Object(Illuminate\Http\Request), Object(Closure))
#33 [internal function]: Illuminate\Pipeline\Pipeline->Illuminate\Pipeline\{closure}(Object(Illuminate\Http\Request))
#34 /var/www/vendor/laravel/lumen-framework/src/Routing/Pipeline.php(32): call_user_func(Object(Closure), Object(Illuminate\Http\Request))
#35 /var/www/vendor/illuminate/pipeline/Pipeline.php(104): Laravel\Lumen\Routing\Pipeline->Laravel\Lumen\Routing\{closure}(Object(Illuminate\Http\Request))
#36 /var/www/vendor/laravel/lumen-framework/src/Concerns/RoutesRequests.php(410): Illuminate\Pipeline\Pipeline->then(Object(Closure))
#37 /var/www/vendor/laravel/lumen-framework/src/Concerns/RoutesRequests.php(256): Laravel\Lumen\Application->sendThroughPipeline(Array, Object(Closure))
#38 /var/www/vendor/laravel/lumen-framework/src/Concerns/RoutesRequests.php(160): Laravel\Lumen\Application->handleFoundRoute(Array)
#39 /var/www/vendor/laravel/lumen-framework/src/Concerns/RoutesRequests.php(413): Laravel\Lumen\Application->Laravel\Lumen\Concerns\{closure}()
#40 /var/www/vendor/laravel/lumen-framework/src/Concerns/RoutesRequests.php(166): Laravel\Lumen\Application->sendThroughPipeline(Array, Object(Closure))
#41 /var/www/vendor/laravel/lumen-framework/src/Concerns/RoutesRequests.php(107): Laravel\Lumen\Application->dispatch(NULL)
#42 /var/www/public/index.php(28): Laravel\Lumen\Application->run()
#43 {main}

Next Illuminate\Database\QueryException: SQLSTATE[42S22]: Column not found: 1054 Unknown column 'updated_at' in 'field list' (SQL: insert into `dependencies` (`rev_id`, `updated_at`, `created_at`) values (344, 2018-09-19 11:49:21, 2018-09-19 11:49:21)) in /var/www/vendor/illuminate/database/Connection.php:664
Stack trace:
#0 /var/www/vendor/illuminate/database/Connection.php(624): Illuminate\Database\Connection->runQueryCallback('insert into `de...', Array, Object(Closure))
#1 /var/www/vendor/illuminate/database/Connection.php(459): Illuminate\Database\Connection->run('insert into `de...', Array, Object(Closure))
#2 /var/www/vendor/illuminate/database/Connection.php(411): Illuminate\Database\Connection->statement('insert into `de...', Array)
#3 /var/www/vendor/illuminate/database/Query/Processors/Processor.php(32): Illuminate\Database\Connection->insert('insert into `de...', Array)
#4 /var/www/vendor/illuminate/database/Query/Builder.php(2494): Illuminate\Database\Query\Processors\Processor->processInsertGetId(Object(Illuminate\Database\Query\Builder), 'insert into `de...', Array, 'id')
#5 /var/www/vendor/illuminate/database/Eloquent/Builder.php(1283): Illuminate\Database\Query\Builder->insertGetId(Array, 'id')
#6 /var/www/vendor/illuminate/database/Eloquent/Model.php(787): Illuminate\Database\Eloquent\Builder->__call('insertGetId', Array)
#7 /var/www/vendor/illuminate/database/Eloquent/Model.php(752): Illuminate\Database\Eloquent\Model->insertAndSetId(Object(Illuminate\Database\Eloquent\Builder), Array)
#8 /var/www/vendor/illuminate/database/Eloquent/Model.php(615): Illuminate\Database\Eloquent\Model->performInsert(Object(Illuminate\Database\Eloquent\Builder))
#9 /var/www/vendor/illuminate/database/Eloquent/Model.php(644): Illuminate\Database\Eloquent\Model->save(Array)
#10 /var/www/vendor/illuminate/database/Concerns/ManagesTransactions.php(29): Illuminate\Database\Eloquent\Model->Illuminate\Database\Eloquent\{closure}(Object(Illuminate\Database\MySqlConnection))
#11 /var/www/vendor/illuminate/database/Eloquent/Model.php(645): Illuminate\Database\Connection->transaction(Object(Closure))
#12 /var/www/app/Http/Controllers/DependenciesController.php(58): Illuminate\Database\Eloquent\Model->saveOrFail()
#13 [internal function]: App\Http\Controllers\DependenciesController->create(Object(Illuminate\Http\Request))
#14 /var/www/vendor/illuminate/container/BoundMethod.php(29): call_user_func_array(Array, Array)
#15 /var/www/vendor/illuminate/container/BoundMethod.php(87): Illuminate\Container\BoundMethod::Illuminate\Container\{closure}()
#16 /var/www/vendor/illuminate/container/BoundMethod.php(31): Illuminate\Container\BoundMethod::callBoundMethod(Object(Laravel\Lumen\Application), Array, Object(Closure))
#17 /var/www/vendor/illuminate/container/Container.php(564): Illuminate\Container\BoundMethod::call(Object(Laravel\Lumen\Application), Array, Array, NULL)
#18 /var/www/vendor/laravel/lumen-framework/src/Concerns/RoutesRequests.php(373): Illuminate\Container\Container->call(Array, Array)
#19 /var/www/vendor/laravel/lumen-framework/src/Concerns/RoutesRequests.php(339): Laravel\Lumen\Application->callControllerCallable(Array, Array)
#20 /var/www/vendor/laravel/lumen-framework/src/Concerns/RoutesRequests.php(313): Laravel\Lumen\Application->callLumenController(Object(App\Http\Controllers\DependenciesController), 'create', Array)
#21 /var/www/vendor/laravel/lumen-framework/src/Concerns/RoutesRequests.php(275): Laravel\Lumen\Application->callControllerAction(Array)
#22 /var/www/vendor/laravel/lumen-framework/src/Concerns/RoutesRequests.php(255): Laravel\Lumen\Application->callActionOnArrayBasedRoute(Array)
#23 [internal function]: Laravel\Lumen\Application->Laravel\Lumen\Concerns\{closure}(Object(Illuminate\Http\Request))
#24 /var/www/vendor/laravel/lumen-framework/src/Routing/Pipeline.php(52): call_user_func(Object(Closure), Object(Illuminate\Http\Request))
#25 /var/www/app/Http/Middleware/JsonValidatorMiddleware.php(45): Laravel\Lumen\Routing\Pipeline->Laravel\Lumen\Routing\{closure}(Object(Illuminate\Http\Request))
#26 /var/www/vendor/illuminate/pipeline/Pipeline.php(151): App\Http\Middleware\JsonValidatorMiddleware->handle(Object(Illuminate\Http\Request), Object(Closure))
#27 [internal function]: Illuminate\Pipeline\Pipeline->Illuminate\Pipeline\{closure}(Object(Illuminate\Http\Request))
#28 /var/www/vendor/laravel/lumen-framework/src/Routing/Pipeline.php(32): call_user_func(Object(Closure), Object(Illuminate\Http\Request))
#29 /var/www/app/Http/Middleware/Authenticate.php(42): Laravel\Lumen\Routing\Pipeline->Laravel\Lumen\Routing\{closure}(Object(Illuminate\Http\Request))
#30 /var/www/vendor/illuminate/pipeline/Pipeline.php(151): App\Http\Middleware\Authenticate->handle(Object(Illuminate\Http\Request), Object(Closure))
#31 [internal function]: Illuminate\Pipeline\Pipeline->Illuminate\Pipeline\{closure}(Object(Illuminate\Http\Request))
#32 /var/www/vendor/laravel/lumen-framework/src/Routing/Pipeline.php(32): call_user_func(Object(Closure), Object(Illuminate\Http\Request))
#33 /var/www/vendor/illuminate/pipeline/Pipeline.php(104): Laravel\Lumen\Routing\Pipeline->Laravel\Lumen\Routing\{closure}(Object(Illuminate\Http\Request))
#34 /var/www/vendor/laravel/lumen-framework/src/Concerns/RoutesRequests.php(410): Illuminate\Pipeline\Pipeline->then(Object(Closure))
#35 /var/www/vendor/laravel/lumen-framework/src/Concerns/RoutesRequests.php(256): Laravel\Lumen\Application->sendThroughPipeline(Array, Object(Closure))
#36 /var/www/vendor/laravel/lumen-framework/src/Concerns/RoutesRequests.php(160): Laravel\Lumen\Application->handleFoundRoute(Array)
#37 /var/www/vendor/laravel/lumen-framework/src/Concerns/RoutesRequests.php(413): Laravel\Lumen\Application->Laravel\Lumen\Concerns\{closure}()
#38 /var/www/vendor/laravel/lumen-framework/src/Concerns/RoutesRequests.php(166): Laravel\Lumen\Application->sendThroughPipeline(Array, Object(Closure))
#39 /var/www/vendor/laravel/lumen-framework/src/Concerns/RoutesRequests.php(107): Laravel\Lumen\Application->dispatch(NULL)
#40 /var/www/public/index.php(28): Laravel\Lumen\Application->run()
#41 {main} {"exception":"[object] (Illuminate\\Database\\QueryException(code: 42S22): SQLSTATE[42S22]: Column not found: 1054 Unknown column 'updated_at' in 'field list' (SQL: insert into `dependencies` (`rev_id`, `updated_at`, `created_at`) values (344, 2018-09-19 11:49:21, 2018-09-19 11:49:21)) at /var/www/vendor/illuminate/database/Connection.php:664, PDOException(code: 42S22): SQLSTATE[42S22]: Column not found: 1054 Unknown column 'updated_at' in 'field list' at /var/www/vendor/illuminate/database/Connection.php:452)
[stacktrace]
#0 /var/www/vendor/illuminate/database/Connection.php(624): Illuminate\\Database\\Connection->runQueryCallback('insert into `de...', Array, Object(Closure))
#1 /var/www/vendor/illuminate/database/Connection.php(459): Illuminate\\Database\\Connection->run('insert into `de...', Array, Object(Closure))
#2 /var/www/vendor/illuminate/database/Connection.php(411): Illuminate\\Database\\Connection->statement('insert into `de...', Array)
#3 /var/www/vendor/illuminate/database/Query/Processors/Processor.php(32): Illuminate\\Database\\Connection->insert('insert into `de...', Array)
#4 /var/www/vendor/illuminate/database/Query/Builder.php(2494): Illuminate\\Database\\Query\\Processors\\Processor->processInsertGetId(Object(Illuminate\\Database\\Query\\Builder), 'insert into `de...', Array, 'id')
#5 /var/www/vendor/illuminate/database/Eloquent/Builder.php(1283): Illuminate\\Database\\Query\\Builder->insertGetId(Array, 'id')
#6 /var/www/vendor/illuminate/database/Eloquent/Model.php(787): Illuminate\\Database\\Eloquent\\Builder->__call('insertGetId', Array)
#7 /var/www/vendor/illuminate/database/Eloquent/Model.php(752): Illuminate\\Database\\Eloquent\\Model->insertAndSetId(Object(Illuminate\\Database\\Eloquent\\Builder), Array)
#8 /var/www/vendor/illuminate/database/Eloquent/Model.php(615): Illuminate\\Database\\Eloquent\\Model->performInsert(Object(Illuminate\\Database\\Eloquent\\Builder))
#9 /var/www/vendor/illuminate/database/Eloquent/Model.php(644): Illuminate\\Database\\Eloquent\\Model->save(Array)
#10 /var/www/vendor/illuminate/database/Concerns/ManagesTransactions.php(29): Illuminate\\Database\\Eloquent\\Model->Illuminate\\Database\\Eloquent\\{closure}(Object(Illuminate\\Database\\MySqlConnection))
#11 /var/www/vendor/illuminate/database/Eloquent/Model.php(645): Illuminate\\Database\\Connection->transaction(Object(Closure))
#12 /var/www/app/Http/Controllers/DependenciesController.php(58): Illuminate\\Database\\Eloquent\\Model->saveOrFail()
#13 [internal function]: App\\Http\\Controllers\\DependenciesController->create(Object(Illuminate\\Http\\Request))
#14 /var/www/vendor/illuminate/container/BoundMethod.php(29): call_user_func_array(Array, Array)
#15 /var/www/vendor/illuminate/container/BoundMethod.php(87): Illuminate\\Container\\BoundMethod::Illuminate\\Container\\{closure}()
#16 /var/www/vendor/illuminate/container/BoundMethod.php(31): Illuminate\\Container\\BoundMethod::callBoundMethod(Object(Laravel\\Lumen\\Application), Array, Object(Closure))
#17 /var/www/vendor/illuminate/container/Container.php(564): Illuminate\\Container\\BoundMethod::call(Object(Laravel\\Lumen\\Application), Array, Array, NULL)
#18 /var/www/vendor/laravel/lumen-framework/src/Concerns/RoutesRequests.php(373): Illuminate\\Container\\Container->call(Array, Array)
#19 /var/www/vendor/laravel/lumen-framework/src/Concerns/RoutesRequests.php(339): Laravel\\Lumen\\Application->callControllerCallable(Array, Array)
#20 /var/www/vendor/laravel/lumen-framework/src/Concerns/RoutesRequests.php(313): Laravel\\Lumen\\Application->callLumenController(Object(App\\Http\\Controllers\\DependenciesController), 'create', Array)
#21 /var/www/vendor/laravel/lumen-framework/src/Concerns/RoutesRequests.php(275): Laravel\\Lumen\\Application->callControllerAction(Array)
#22 /var/www/vendor/laravel/lumen-framework/src/Concerns/RoutesRequests.php(255): Laravel\\Lumen\\Application->callActionOnArrayBasedRoute(Array)
#23 [internal function]: Laravel\\Lumen\\Application->Laravel\\Lumen\\Concerns\\{closure}(Object(Illuminate\\Http\\Request))
#24 /var/www/vendor/laravel/lumen-framework/src/Routing/Pipeline.php(52): call_user_func(Object(Closure), Object(Illuminate\\Http\\Request))
#25 /var/www/app/Http/Middleware/JsonValidatorMiddleware.php(45): Laravel\\Lumen\\Routing\\Pipeline->Laravel\\Lumen\\Routing\\{closure}(Object(Illuminate\\Http\\Request))
#26 /var/www/vendor/illuminate/pipeline/Pipeline.php(151): App\\Http\\Middleware\\JsonValidatorMiddleware->handle(Object(Illuminate\\Http\\Request), Object(Closure))
#27 [internal function]: Illuminate\\Pipeline\\Pipeline->Illuminate\\Pipeline\\{closure}(Object(Illuminate\\Http\\Request))
#28 /var/www/vendor/laravel/lumen-framework/src/Routing/Pipeline.php(32): call_user_func(Object(Closure), Object(Illuminate\\Http\\Request))
#29 /var/www/app/Http/Middleware/Authenticate.php(42): Laravel\\Lumen\\Routing\\Pipeline->Laravel\\Lumen\\Routing\\{closure}(Object(Illuminate\\Http\\Request))
#30 /var/www/vendor/illuminate/pipeline/Pipeline.php(151): App\\Http\\Middleware\\Authenticate->handle(Object(Illuminate\\Http\\Request), Object(Closure))
#31 [internal function]: Illuminate\\Pipeline\\Pipeline->Illuminate\\Pipeline\\{closure}(Object(Illuminate\\Http\\Request))
#32 /var/www/vendor/laravel/lumen-framework/src/Routing/Pipeline.php(32): call_user_func(Object(Closure), Object(Illuminate\\Http\\Request))
#33 /var/www/vendor/illuminate/pipeline/Pipeline.php(104): Laravel\\Lumen\\Routing\\Pipeline->Laravel\\Lumen\\Routing\\{closure}(Object(Illuminate\\Http\\Request))
#34 /var/www/vendor/laravel/lumen-framework/src/Concerns/RoutesRequests.php(410): Illuminate\\Pipeline\\Pipeline->then(Object(Closure))
#35 /var/www/vendor/laravel/lumen-framework/src/Concerns/RoutesRequests.php(256): Laravel\\Lumen\\Application->sendThroughPipeline(Array, Object(Closure))
#36 /var/www/vendor/laravel/lumen-framework/src/Concerns/RoutesRequests.php(160): Laravel\\Lumen\\Application->handleFoundRoute(Array)
#37 /var/www/vendor/laravel/lumen-framework/src/Concerns/RoutesRequests.php(413): Laravel\\Lumen\\Application->Laravel\\Lumen\\Concerns\\{closure}()
#38 /var/www/vendor/laravel/lumen-framework/src/Concerns/RoutesRequests.php(166): Laravel\\Lumen\\Application->sendThroughPipeline(Array, Object(Closure))
#39 /var/www/vendor/laravel/lumen-framework/src/Concerns/RoutesRequests.php(107): Laravel\\Lumen\\Application->dispatch(NULL)
#40 /var/www/public/index.php(28): Laravel\\Lumen\\Application->run()
#41 {main}
"} 
[2018-09-19 11:50:22] local.ERROR: PDOException: SQLSTATE[23000]: Integrity constraint violation: 1452 Cannot add or update a child row: a foreign key constraint fails (`mmpi`.`dependencies`, CONSTRAINT `fk_dep_change_type_id` FOREIGN KEY (`rev_type_id`) REFERENCES `modification_types` (`id`) ON DELETE NO ACTION ON UPDATE CASCADE) in /var/www/vendor/illuminate/database/Connection.php:458
Stack trace:
#0 /var/www/vendor/illuminate/database/Connection.php(458): PDOStatement->execute()
#1 /var/www/vendor/illuminate/database/Connection.php(657): Illuminate\Database\Connection->Illuminate\Database\{closure}('insert into `de...', Array)
#2 /var/www/vendor/illuminate/database/Connection.php(624): Illuminate\Database\Connection->runQueryCallback('insert into `de...', Array, Object(Closure))
#3 /var/www/vendor/illuminate/database/Connection.php(459): Illuminate\Database\Connection->run('insert into `de...', Array, Object(Closure))
#4 /var/www/vendor/illuminate/database/Connection.php(411): Illuminate\Database\Connection->statement('insert into `de...', Array)
#5 /var/www/vendor/illuminate/database/Query/Processors/Processor.php(32): Illuminate\Database\Connection->insert('insert into `de...', Array)
#6 /var/www/vendor/illuminate/database/Query/Builder.php(2494): Illuminate\Database\Query\Processors\Processor->processInsertGetId(Object(Illuminate\Database\Query\Builder), 'insert into `de...', Array, 'id')
#7 /var/www/vendor/illuminate/database/Eloquent/Builder.php(1283): Illuminate\Database\Query\Builder->insertGetId(Array, 'id')
#8 /var/www/vendor/illuminate/database/Eloquent/Model.php(787): Illuminate\Database\Eloquent\Builder->__call('insertGetId', Array)
#9 /var/www/vendor/illuminate/database/Eloquent/Model.php(752): Illuminate\Database\Eloquent\Model->insertAndSetId(Object(Illuminate\Database\Eloquent\Builder), Array)
#10 /var/www/vendor/illuminate/database/Eloquent/Model.php(615): Illuminate\Database\Eloquent\Model->performInsert(Object(Illuminate\Database\Eloquent\Builder))
#11 /var/www/vendor/illuminate/database/Eloquent/Model.php(644): Illuminate\Database\Eloquent\Model->save(Array)
#12 /var/www/vendor/illuminate/database/Concerns/ManagesTransactions.php(29): Illuminate\Database\Eloquent\Model->Illuminate\Database\Eloquent\{closure}(Object(Illuminate\Database\MySqlConnection))
#13 /var/www/vendor/illuminate/database/Eloquent/Model.php(645): Illuminate\Database\Connection->transaction(Object(Closure))
#14 /var/www/app/Http/Controllers/DependenciesController.php(58): Illuminate\Database\Eloquent\Model->saveOrFail()
#15 [internal function]: App\Http\Controllers\DependenciesController->create(Object(Illuminate\Http\Request))
#16 /var/www/vendor/illuminate/container/BoundMethod.php(29): call_user_func_array(Array, Array)
#17 /var/www/vendor/illuminate/container/BoundMethod.php(87): Illuminate\Container\BoundMethod::Illuminate\Container\{closure}()
#18 /var/www/vendor/illuminate/container/BoundMethod.php(31): Illuminate\Container\BoundMethod::callBoundMethod(Object(Laravel\Lumen\Application), Array, Object(Closure))
#19 /var/www/vendor/illuminate/container/Container.php(564): Illuminate\Container\BoundMethod::call(Object(Laravel\Lumen\Application), Array, Array, NULL)
#20 /var/www/vendor/laravel/lumen-framework/src/Concerns/RoutesRequests.php(373): Illuminate\Container\Container->call(Array, Array)
#21 /var/www/vendor/laravel/lumen-framework/src/Concerns/RoutesRequests.php(339): Laravel\Lumen\Application->callControllerCallable(Array, Array)
#22 /var/www/vendor/laravel/lumen-framework/src/Concerns/RoutesRequests.php(313): Laravel\Lumen\Application->callLumenController(Object(App\Http\Controllers\DependenciesController), 'create', Array)
#23 /var/www/vendor/laravel/lumen-framework/src/Concerns/RoutesRequests.php(275): Laravel\Lumen\Application->callControllerAction(Array)
#24 /var/www/vendor/laravel/lumen-framework/src/Concerns/RoutesRequests.php(255): Laravel\Lumen\Application->callActionOnArrayBasedRoute(Array)
#25 [internal function]: Laravel\Lumen\Application->Laravel\Lumen\Concerns\{closure}(Object(Illuminate\Http\Request))
#26 /var/www/vendor/laravel/lumen-framework/src/Routing/Pipeline.php(52): call_user_func(Object(Closure), Object(Illuminate\Http\Request))
#27 /var/www/app/Http/Middleware/JsonValidatorMiddleware.php(45): Laravel\Lumen\Routing\Pipeline->Laravel\Lumen\Routing\{closure}(Object(Illuminate\Http\Request))
#28 /var/www/vendor/illuminate/pipeline/Pipeline.php(151): App\Http\Middleware\JsonValidatorMiddleware->handle(Object(Illuminate\Http\Request), Object(Closure))
#29 [internal function]: Illuminate\Pipeline\Pipeline->Illuminate\Pipeline\{closure}(Object(Illuminate\Http\Request))
#30 /var/www/vendor/laravel/lumen-framework/src/Routing/Pipeline.php(32): call_user_func(Object(Closure), Object(Illuminate\Http\Request))
#31 /var/www/app/Http/Middleware/Authenticate.php(42): Laravel\Lumen\Routing\Pipeline->Laravel\Lumen\Routing\{closure}(Object(Illuminate\Http\Request))
#32 /var/www/vendor/illuminate/pipeline/Pipeline.php(151): App\Http\Middleware\Authenticate->handle(Object(Illuminate\Http\Request), Object(Closure))
#33 [internal function]: Illuminate\Pipeline\Pipeline->Illuminate\Pipeline\{closure}(Object(Illuminate\Http\Request))
#34 /var/www/vendor/laravel/lumen-framework/src/Routing/Pipeline.php(32): call_user_func(Object(Closure), Object(Illuminate\Http\Request))
#35 /var/www/vendor/illuminate/pipeline/Pipeline.php(104): Laravel\Lumen\Routing\Pipeline->Laravel\Lumen\Routing\{closure}(Object(Illuminate\Http\Request))
#36 /var/www/vendor/laravel/lumen-framework/src/Concerns/RoutesRequests.php(410): Illuminate\Pipeline\Pipeline->then(Object(Closure))
#37 /var/www/vendor/laravel/lumen-framework/src/Concerns/RoutesRequests.php(256): Laravel\Lumen\Application->sendThroughPipeline(Array, Object(Closure))
#38 /var/www/vendor/laravel/lumen-framework/src/Concerns/RoutesRequests.php(160): Laravel\Lumen\Application->handleFoundRoute(Array)
#39 /var/www/vendor/laravel/lumen-framework/src/Concerns/RoutesRequests.php(413): Laravel\Lumen\Application->Laravel\Lumen\Concerns\{closure}()
#40 /var/www/vendor/laravel/lumen-framework/src/Concerns/RoutesRequests.php(166): Laravel\Lumen\Application->sendThroughPipeline(Array, Object(Closure))
#41 /var/www/vendor/laravel/lumen-framework/src/Concerns/RoutesRequests.php(107): Laravel\Lumen\Application->dispatch(NULL)
#42 /var/www/public/index.php(28): Laravel\Lumen\Application->run()
#43 {main}

Next Illuminate\Database\QueryException: SQLSTATE[23000]: Integrity constraint violation: 1452 Cannot add or update a child row: a foreign key constraint fails (`mmpi`.`dependencies`, CONSTRAINT `fk_dep_change_type_id` FOREIGN KEY (`rev_type_id`) REFERENCES `modification_types` (`id`) ON DELETE NO ACTION ON UPDATE CASCADE) (SQL: insert into `dependencies` (`rev_id`) values (344)) in /var/www/vendor/illuminate/database/Connection.php:664
Stack trace:
#0 /var/www/vendor/illuminate/database/Connection.php(624): Illuminate\Database\Connection->runQueryCallback('insert into `de...', Array, Object(Closure))
#1 /var/www/vendor/illuminate/database/Connection.php(459): Illuminate\Database\Connection->run('insert into `de...', Array, Object(Closure))
#2 /var/www/vendor/illuminate/database/Connection.php(411): Illuminate\Database\Connection->statement('insert into `de...', Array)
#3 /var/www/vendor/illuminate/database/Query/Processors/Processor.php(32): Illuminate\Database\Connection->insert('insert into `de...', Array)
#4 /var/www/vendor/illuminate/database/Query/Builder.php(2494): Illuminate\Database\Query\Processors\Processor->processInsertGetId(Object(Illuminate\Database\Query\Builder), 'insert into `de...', Array, 'id')
#5 /var/www/vendor/illuminate/database/Eloquent/Builder.php(1283): Illuminate\Database\Query\Builder->insertGetId(Array, 'id')
#6 /var/www/vendor/illuminate/database/Eloquent/Model.php(787): Illuminate\Database\Eloquent\Builder->__call('insertGetId', Array)
#7 /var/www/vendor/illuminate/database/Eloquent/Model.php(752): Illuminate\Database\Eloquent\Model->insertAndSetId(Object(Illuminate\Database\Eloquent\Builder), Array)
#8 /var/www/vendor/illuminate/database/Eloquent/Model.php(615): Illuminate\Database\Eloquent\Model->performInsert(Object(Illuminate\Database\Eloquent\Builder))
#9 /var/www/vendor/illuminate/database/Eloquent/Model.php(644): Illuminate\Database\Eloquent\Model->save(Array)
#10 /var/www/vendor/illuminate/database/Concerns/ManagesTransactions.php(29): Illuminate\Database\Eloquent\Model->Illuminate\Database\Eloquent\{closure}(Object(Illuminate\Database\MySqlConnection))
#11 /var/www/vendor/illuminate/database/Eloquent/Model.php(645): Illuminate\Database\Connection->transaction(Object(Closure))
#12 /var/www/app/Http/Controllers/DependenciesController.php(58): Illuminate\Database\Eloquent\Model->saveOrFail()
#13 [internal function]: App\Http\Controllers\DependenciesController->create(Object(Illuminate\Http\Request))
#14 /var/www/vendor/illuminate/container/BoundMethod.php(29): call_user_func_array(Array, Array)
#15 /var/www/vendor/illuminate/container/BoundMethod.php(87): Illuminate\Container\BoundMethod::Illuminate\Container\{closure}()
#16 /var/www/vendor/illuminate/container/BoundMethod.php(31): Illuminate\Container\BoundMethod::callBoundMethod(Object(Laravel\Lumen\Application), Array, Object(Closure))
#17 /var/www/vendor/illuminate/container/Container.php(564): Illuminate\Container\BoundMethod::call(Object(Laravel\Lumen\Application), Array, Array, NULL)
#18 /var/www/vendor/laravel/lumen-framework/src/Concerns/RoutesRequests.php(373): Illuminate\Container\Container->call(Array, Array)
#19 /var/www/vendor/laravel/lumen-framework/src/Concerns/RoutesRequests.php(339): Laravel\Lumen\Application->callControllerCallable(Array, Array)
#20 /var/www/vendor/laravel/lumen-framework/src/Concerns/RoutesRequests.php(313): Laravel\Lumen\Application->callLumenController(Object(App\Http\Controllers\DependenciesController), 'create', Array)
#21 /var/www/vendor/laravel/lumen-framework/src/Concerns/RoutesRequests.php(275): Laravel\Lumen\Application->callControllerAction(Array)
#22 /var/www/vendor/laravel/lumen-framework/src/Concerns/RoutesRequests.php(255): Laravel\Lumen\Application->callActionOnArrayBasedRoute(Array)
#23 [internal function]: Laravel\Lumen\Application->Laravel\Lumen\Concerns\{closure}(Object(Illuminate\Http\Request))
#24 /var/www/vendor/laravel/lumen-framework/src/Routing/Pipeline.php(52): call_user_func(Object(Closure), Object(Illuminate\Http\Request))
#25 /var/www/app/Http/Middleware/JsonValidatorMiddleware.php(45): Laravel\Lumen\Routing\Pipeline->Laravel\Lumen\Routing\{closure}(Object(Illuminate\Http\Request))
#26 /var/www/vendor/illuminate/pipeline/Pipeline.php(151): App\Http\Middleware\JsonValidatorMiddleware->handle(Object(Illuminate\Http\Request), Object(Closure))
#27 [internal function]: Illuminate\Pipeline\Pipeline->Illuminate\Pipeline\{closure}(Object(Illuminate\Http\Request))
#28 /var/www/vendor/laravel/lumen-framework/src/Routing/Pipeline.php(32): call_user_func(Object(Closure), Object(Illuminate\Http\Request))
#29 /var/www/app/Http/Middleware/Authenticate.php(42): Laravel\Lumen\Routing\Pipeline->Laravel\Lumen\Routing\{closure}(Object(Illuminate\Http\Request))
#30 /var/www/vendor/illuminate/pipeline/Pipeline.php(151): App\Http\Middleware\Authenticate->handle(Object(Illuminate\Http\Request), Object(Closure))
#31 [internal function]: Illuminate\Pipeline\Pipeline->Illuminate\Pipeline\{closure}(Object(Illuminate\Http\Request))
#32 /var/www/vendor/laravel/lumen-framework/src/Routing/Pipeline.php(32): call_user_func(Object(Closure), Object(Illuminate\Http\Request))
#33 /var/www/vendor/illuminate/pipeline/Pipeline.php(104): Laravel\Lumen\Routing\Pipeline->Laravel\Lumen\Routing\{closure}(Object(Illuminate\Http\Request))
#34 /var/www/vendor/laravel/lumen-framework/src/Concerns/RoutesRequests.php(410): Illuminate\Pipeline\Pipeline->then(Object(Closure))
#35 /var/www/vendor/laravel/lumen-framework/src/Concerns/RoutesRequests.php(256): Laravel\Lumen\Application->sendThroughPipeline(Array, Object(Closure))
#36 /var/www/vendor/laravel/lumen-framework/src/Concerns/RoutesRequests.php(160): Laravel\Lumen\Application->handleFoundRoute(Array)
#37 /var/www/vendor/laravel/lumen-framework/src/Concerns/RoutesRequests.php(413): Laravel\Lumen\Application->Laravel\Lumen\Concerns\{closure}()
#38 /var/www/vendor/laravel/lumen-framework/src/Concerns/RoutesRequests.php(166): Laravel\Lumen\Application->sendThroughPipeline(Array, Object(Closure))
#39 /var/www/vendor/laravel/lumen-framework/src/Concerns/RoutesRequests.php(107): Laravel\Lumen\Application->dispatch(NULL)
#40 /var/www/public/index.php(28): Laravel\Lumen\Application->run()
#41 {main} {"exception":"[object] (Illuminate\\Database\\QueryException(code: 23000): SQLSTATE[23000]: Integrity constraint violation: 1452 Cannot add or update a child row: a foreign key constraint fails (`mmpi`.`dependencies`, CONSTRAINT `fk_dep_change_type_id` FOREIGN KEY (`rev_type_id`) REFERENCES `modification_types` (`id`) ON DELETE NO ACTION ON UPDATE CASCADE) (SQL: insert into `dependencies` (`rev_id`) values (344)) at /var/www/vendor/illuminate/database/Connection.php:664, PDOException(code: 23000): SQLSTATE[23000]: Integrity constraint violation: 1452 Cannot add or update a child row: a foreign key constraint fails (`mmpi`.`dependencies`, CONSTRAINT `fk_dep_change_type_id` FOREIGN KEY (`rev_type_id`) REFERENCES `modification_types` (`id`) ON DELETE NO ACTION ON UPDATE CASCADE) at /var/www/vendor/illuminate/database/Connection.php:458)
[stacktrace]
#0 /var/www/vendor/illuminate/database/Connection.php(624): Illuminate\\Database\\Connection->runQueryCallback('insert into `de...', Array, Object(Closure))
#1 /var/www/vendor/illuminate/database/Connection.php(459): Illuminate\\Database\\Connection->run('insert into `de...', Array, Object(Closure))
#2 /var/www/vendor/illuminate/database/Connection.php(411): Illuminate\\Database\\Connection->statement('insert into `de...', Array)
#3 /var/www/vendor/illuminate/database/Query/Processors/Processor.php(32): Illuminate\\Database\\Connection->insert('insert into `de...', Array)
#4 /var/www/vendor/illuminate/database/Query/Builder.php(2494): Illuminate\\Database\\Query\\Processors\\Processor->processInsertGetId(Object(Illuminate\\Database\\Query\\Builder), 'insert into `de...', Array, 'id')
#5 /var/www/vendor/illuminate/database/Eloquent/Builder.php(1283): Illuminate\\Database\\Query\\Builder->insertGetId(Array, 'id')
#6 /var/www/vendor/illuminate/database/Eloquent/Model.php(787): Illuminate\\Database\\Eloquent\\Builder->__call('insertGetId', Array)
#7 /var/www/vendor/illuminate/database/Eloquent/Model.php(752): Illuminate\\Database\\Eloquent\\Model->insertAndSetId(Object(Illuminate\\Database\\Eloquent\\Builder), Array)
#8 /var/www/vendor/illuminate/database/Eloquent/Model.php(615): Illuminate\\Database\\Eloquent\\Model->performInsert(Object(Illuminate\\Database\\Eloquent\\Builder))
#9 /var/www/vendor/illuminate/database/Eloquent/Model.php(644): Illuminate\\Database\\Eloquent\\Model->save(Array)
#10 /var/www/vendor/illuminate/database/Concerns/ManagesTransactions.php(29): Illuminate\\Database\\Eloquent\\Model->Illuminate\\Database\\Eloquent\\{closure}(Object(Illuminate\\Database\\MySqlConnection))
#11 /var/www/vendor/illuminate/database/Eloquent/Model.php(645): Illuminate\\Database\\Connection->transaction(Object(Closure))
#12 /var/www/app/Http/Controllers/DependenciesController.php(58): Illuminate\\Database\\Eloquent\\Model->saveOrFail()
#13 [internal function]: App\\Http\\Controllers\\DependenciesController->create(Object(Illuminate\\Http\\Request))
#14 /var/www/vendor/illuminate/container/BoundMethod.php(29): call_user_func_array(Array, Array)
#15 /var/www/vendor/illuminate/container/BoundMethod.php(87): Illuminate\\Container\\BoundMethod::Illuminate\\Container\\{closure}()
#16 /var/www/vendor/illuminate/container/BoundMethod.php(31): Illuminate\\Container\\BoundMethod::callBoundMethod(Object(Laravel\\Lumen\\Application), Array, Object(Closure))
#17 /var/www/vendor/illuminate/container/Container.php(564): Illuminate\\Container\\BoundMethod::call(Object(Laravel\\Lumen\\Application), Array, Array, NULL)
#18 /var/www/vendor/laravel/lumen-framework/src/Concerns/RoutesRequests.php(373): Illuminate\\Container\\Container->call(Array, Array)
#19 /var/www/vendor/laravel/lumen-framework/src/Concerns/RoutesRequests.php(339): Laravel\\Lumen\\Application->callControllerCallable(Array, Array)
#20 /var/www/vendor/laravel/lumen-framework/src/Concerns/RoutesRequests.php(313): Laravel\\Lumen\\Application->callLumenController(Object(App\\Http\\Controllers\\DependenciesController), 'create', Array)
#21 /var/www/vendor/laravel/lumen-framework/src/Concerns/RoutesRequests.php(275): Laravel\\Lumen\\Application->callControllerAction(Array)
#22 /var/www/vendor/laravel/lumen-framework/src/Concerns/RoutesRequests.php(255): Laravel\\Lumen\\Application->callActionOnArrayBasedRoute(Array)
#23 [internal function]: Laravel\\Lumen\\Application->Laravel\\Lumen\\Concerns\\{closure}(Object(Illuminate\\Http\\Request))
#24 /var/www/vendor/laravel/lumen-framework/src/Routing/Pipeline.php(52): call_user_func(Object(Closure), Object(Illuminate\\Http\\Request))
#25 /var/www/app/Http/Middleware/JsonValidatorMiddleware.php(45): Laravel\\Lumen\\Routing\\Pipeline->Laravel\\Lumen\\Routing\\{closure}(Object(Illuminate\\Http\\Request))
#26 /var/www/vendor/illuminate/pipeline/Pipeline.php(151): App\\Http\\Middleware\\JsonValidatorMiddleware->handle(Object(Illuminate\\Http\\Request), Object(Closure))
#27 [internal function]: Illuminate\\Pipeline\\Pipeline->Illuminate\\Pipeline\\{closure}(Object(Illuminate\\Http\\Request))
#28 /var/www/vendor/laravel/lumen-framework/src/Routing/Pipeline.php(32): call_user_func(Object(Closure), Object(Illuminate\\Http\\Request))
#29 /var/www/app/Http/Middleware/Authenticate.php(42): Laravel\\Lumen\\Routing\\Pipeline->Laravel\\Lumen\\Routing\\{closure}(Object(Illuminate\\Http\\Request))
#30 /var/www/vendor/illuminate/pipeline/Pipeline.php(151): App\\Http\\Middleware\\Authenticate->handle(Object(Illuminate\\Http\\Request), Object(Closure))
#31 [internal function]: Illuminate\\Pipeline\\Pipeline->Illuminate\\Pipeline\\{closure}(Object(Illuminate\\Http\\Request))
#32 /var/www/vendor/laravel/lumen-framework/src/Routing/Pipeline.php(32): call_user_func(Object(Closure), Object(Illuminate\\Http\\Request))
#33 /var/www/vendor/illuminate/pipeline/Pipeline.php(104): Laravel\\Lumen\\Routing\\Pipeline->Laravel\\Lumen\\Routing\\{closure}(Object(Illuminate\\Http\\Request))
#34 /var/www/vendor/laravel/lumen-framework/src/Concerns/RoutesRequests.php(410): Illuminate\\Pipeline\\Pipeline->then(Object(Closure))
#35 /var/www/vendor/laravel/lumen-framework/src/Concerns/RoutesRequests.php(256): Laravel\\Lumen\\Application->sendThroughPipeline(Array, Object(Closure))
#36 /var/www/vendor/laravel/lumen-framework/src/Concerns/RoutesRequests.php(160): Laravel\\Lumen\\Application->handleFoundRoute(Array)
#37 /var/www/vendor/laravel/lumen-framework/src/Concerns/RoutesRequests.php(413): Laravel\\Lumen\\Application->Laravel\\Lumen\\Concerns\\{closure}()
#38 /var/www/vendor/laravel/lumen-framework/src/Concerns/RoutesRequests.php(166): Laravel\\Lumen\\Application->sendThroughPipeline(Array, Object(Closure))
#39 /var/www/vendor/laravel/lumen-framework/src/Concerns/RoutesRequests.php(107): Laravel\\Lumen\\Application->dispatch(NULL)
#40 /var/www/public/index.php(28): Laravel\\Lumen\\Application->run()
#41 {main}
"} 
